#
# There is insufficient memory for the Java Runtime Environment to continue.
# Native memory allocation (malloc) failed to allocate 1354656 bytes for Chunk::new
# Possible reasons:
#   The system is out of physical RAM or swap space
#   In 32 bit mode, the process size limit was hit
# Possible solutions:
#   Reduce memory load on the system
#   Increase physical memory or swap space
#   Check if swap backing store is full
#   Use 64 bit Java on a 64 bit OS
#   Decrease Java heap size (-Xmx/-Xms)
#   Decrease number of Java threads
#   Decrease Java thread stack sizes (-Xss)
#   Set larger code cache with -XX:ReservedCodeCacheSize=
# This output file may be truncated or incomplete.
#
#  Out of Memory Error (allocation.cpp:390), pid=6728, tid=0x0000000000001848
#
# JRE version: Java(TM) SE Runtime Environment (8.0_162-b12) (build 1.8.0_162-b12)
# Java VM: Java HotSpot(TM) 64-Bit Server VM (25.162-b12 mixed mode windows-amd64 compressed oops)
# Failed to write core dump. Minidumps are not enabled by default on client versions of Windows
#

---------------  T H R E A D  ---------------

Current thread (0x0000000019aef800):  JavaThread "C2 CompilerThread1" daemon [_thread_in_native, id=6216, stack(0x000000001a330000,0x000000001a430000)]

Stack: [0x000000001a330000,0x000000001a430000]
[error occurred during error reporting (printing stack bounds), id 0xc0000005]

Native frames: (J=compiled Java code, j=interpreted, Vv=VM code, C=native code)


Current CompileTask:
C2:  24508 5591   !   4       lombok.javac.JavacAST::drill (146 bytes)


---------------  P R O C E S S  ---------------

Java Threads: ( => current thread )
  0x0000000019b53000 JavaThread "Service Thread" daemon [_thread_blocked, id=24208, stack(0x000000001a630000,0x000000001a730000)]
  0x0000000019b4d000 JavaThread "C1 CompilerThread3" daemon [_thread_blocked, id=17832, stack(0x000000001a530000,0x000000001a630000)]
  0x0000000019b4a000 JavaThread "C2 CompilerThread2" daemon [_thread_in_native, id=2324, stack(0x000000001a430000,0x000000001a530000)]
=>0x0000000019aef800 JavaThread "C2 CompilerThread1" daemon [_thread_in_native, id=6216, stack(0x000000001a330000,0x000000001a430000)]
  0x0000000019aed800 JavaThread "C2 CompilerThread0" daemon [_thread_in_native, id=20608, stack(0x000000001a230000,0x000000001a330000)]
  0x0000000019aeb000 JavaThread "Monitor Ctrl-Break" daemon [_thread_in_native, id=7856, stack(0x000000001a130000,0x000000001a230000)]
  0x0000000019a68800 JavaThread "Attach Listener" daemon [_thread_blocked, id=21984, stack(0x000000001a030000,0x000000001a130000)]
  0x0000000019a67800 JavaThread "Signal Dispatcher" daemon [_thread_blocked, id=18664, stack(0x0000000019f30000,0x000000001a030000)]
  0x00000000034d9800 JavaThread "Finalizer" daemon [_thread_blocked, id=9052, stack(0x0000000019e30000,0x0000000019f30000)]
  0x00000000034d8000 JavaThread "Reference Handler" daemon [_thread_blocked, id=22660, stack(0x0000000019930000,0x0000000019a30000)]
  0x00000000033e2800 JavaThread "main" [_thread_in_vm, id=5772, stack(0x0000000002d20000,0x0000000002e20000)]

Other Threads:
  0x0000000017b59800 VMThread [stack: 0x0000000019830000,0x0000000019930000] [id=16188]
  0x0000000019bb2800 WatcherThread [stack: 0x000000001a730000,0x000000001a830000] [id=23348]

VM state:not at safepoint (normal execution)

VM Mutex/Monitor currently owned by a thread: None

Heap:
 PSYoungGen      total 245760K, used 178380K [0x00000000db000000, 0x00000000f3b80000, 0x0000000100000000)
  eden space 221696K, 80% used [0x00000000db000000,0x00000000e5e33178,0x00000000e8880000)
  from space 24064K, 0% used [0x00000000e8880000,0x00000000e8880000,0x00000000ea000000)
  to   space 25088K, 0% used [0x00000000f2300000,0x00000000f2300000,0x00000000f3b80000)
 ParOldGen       total 85504K, used 39754K [0x0000000091000000, 0x0000000096380000, 0x00000000db000000)
  object space 85504K, 46% used [0x0000000091000000,0x00000000936d2a08,0x0000000096380000)
 Metaspace       used 25647K, capacity 26356K, committed 26544K, reserved 1073152K
  class space    used 2915K, capacity 3132K, committed 3248K, reserved 1048576K

Card table byte_map: [0x00000000128a0000,0x0000000012c20000] byte_map_base: 0x0000000012418000

Marking Bits: (ParMarkBitMap*) 0x000000006d0a0860
 Begin Bits: [0x0000000013670000, 0x0000000015230000)
 End Bits:   [0x0000000015230000, 0x0000000016df0000)

Polling page: 0x00000000014b0000

CodeCache: size=245760Kb used=20487Kb max_used=20487Kb free=225272Kb
 bounds [0x00000000034e0000, 0x0000000004900000, 0x00000000124e0000]
 total_blobs=5550 nmethods=5125 adapters=338
 compilation: enabled

Compilation events (10 events):
Event: 23.706 Thread 0x0000000019b4d000 5607   !   3       lombok.core.configuration.FileSystemSourceCache::getSourceForDirectory (139 bytes)
Event: 23.713 Thread 0x0000000019b4d000 nmethod 5607 0x00000000048e3550 code [0x00000000048e3720, 0x00000000048e3ef8]
Event: 23.713 Thread 0x0000000019b4d000 5608       3       lombok.core.configuration.FileSystemSourceCache::ensureContent (48 bytes)
Event: 23.717 Thread 0x0000000019b4d000 nmethod 5608 0x00000000048b33d0 code [0x00000000048b35a0, 0x00000000048b3d28]
Event: 24.036 Thread 0x0000000019b4d000 5609       3       lombok.javac.JavacAST::buildMethod (192 bytes)
Event: 24.049 Thread 0x0000000019b4d000 nmethod 5609 0x00000000048e9c90 code [0x00000000048ea0e0, 0x00000000048ece38]
Event: 24.159 Thread 0x0000000019b4d000 5610   !   3       com.sun.tools.javac.tree.Pretty::visitSelect (51 bytes)
Event: 24.161 Thread 0x0000000019b4d000 nmethod 5610 0x00000000048ee490 code [0x00000000048ee700, 0x00000000048ef668]
Event: 24.343 Thread 0x0000000019b4d000 5612       3       java.net.URI::needsNormalization (184 bytes)
Event: 24.346 Thread 0x0000000019b4d000 nmethod 5612 0x00000000048eff50 code [0x00000000048f0220, 0x00000000048f19e8]

GC Heap History (10 events):
Event: 12.237 GC heap before
{Heap before GC invocations=6 (full 0):
 PSYoungGen      total 61952K, used 61928K [0x00000000db000000, 0x00000000e3800000, 0x0000000100000000)
  eden space 57344K, 100% used [0x00000000db000000,0x00000000de800000,0x00000000de800000)
  from space 4608K, 99% used [0x00000000de800000,0x00000000dec7a040,0x00000000dec80000)
  to   space 12288K, 0% used [0x00000000e2c00000,0x00000000e2c00000,0x00000000e3800000)
 ParOldGen       total 76800K, used 14181K [0x0000000091000000, 0x0000000095b00000, 0x00000000db000000)
  object space 76800K, 18% used [0x0000000091000000,0x0000000091dd9488,0x0000000095b00000)
 Metaspace       used 16518K, capacity 16862K, committed 17152K, reserved 1064960K
  class space    used 1933K, capacity 2015K, committed 2048K, reserved 1048576K
Event: 12.257 GC heap after
Heap after GC invocations=6 (full 0):
 PSYoungGen      total 125440K, used 11305K [0x00000000db000000, 0x00000000e3b00000, 0x0000000100000000)
  eden space 113152K, 0% used [0x00000000db000000,0x00000000db000000,0x00000000e1e80000)
  from space 12288K, 92% used [0x00000000e2c00000,0x00000000e370a728,0x00000000e3800000)
  to   space 13824K, 0% used [0x00000000e1e80000,0x00000000e1e80000,0x00000000e2c00000)
 ParOldGen       total 76800K, used 14189K [0x0000000091000000, 0x0000000095b00000, 0x00000000db000000)
  object space 76800K, 18% used [0x0000000091000000,0x0000000091ddb488,0x0000000095b00000)
 Metaspace       used 16518K, capacity 16862K, committed 17152K, reserved 1064960K
  class space    used 1933K, capacity 2015K, committed 2048K, reserved 1048576K
}
Event: 13.450 GC heap before
{Heap before GC invocations=7 (full 0):
 PSYoungGen      total 125440K, used 124457K [0x00000000db000000, 0x00000000e3b00000, 0x0000000100000000)
  eden space 113152K, 100% used [0x00000000db000000,0x00000000e1e80000,0x00000000e1e80000)
  from space 12288K, 92% used [0x00000000e2c00000,0x00000000e370a728,0x00000000e3800000)
  to   space 13824K, 0% used [0x00000000e1e80000,0x00000000e1e80000,0x00000000e2c00000)
 ParOldGen       total 76800K, used 14189K [0x0000000091000000, 0x0000000095b00000, 0x00000000db000000)
  object space 76800K, 18% used [0x0000000091000000,0x0000000091ddb488,0x0000000095b00000)
 Metaspace       used 16866K, capacity 17212K, committed 17408K, reserved 1064960K
  class space    used 1938K, capacity 2020K, committed 2048K, reserved 1048576K
Event: 13.483 GC heap after
Heap after GC invocations=7 (full 0):
 PSYoungGen      total 126976K, used 13808K [0x00000000db000000, 0x00000000eb300000, 0x0000000100000000)
  eden space 113152K, 0% used [0x00000000db000000,0x00000000db000000,0x00000000e1e80000)
  from space 13824K, 99% used [0x00000000e1e80000,0x00000000e2bfc030,0x00000000e2c00000)
  to   space 19456K, 0% used [0x00000000ea000000,0x00000000ea000000,0x00000000eb300000)
 ParOldGen       total 76800K, used 21768K [0x0000000091000000, 0x0000000095b00000, 0x00000000db000000)
  object space 76800K, 28% used [0x0000000091000000,0x0000000092542360,0x0000000095b00000)
 Metaspace       used 16866K, capacity 17212K, committed 17408K, reserved 1064960K
  class space    used 1938K, capacity 2020K, committed 2048K, reserved 1048576K
}
Event: 14.880 GC heap before
{Heap before GC invocations=8 (full 0):
 PSYoungGen      total 126976K, used 126960K [0x00000000db000000, 0x00000000eb300000, 0x0000000100000000)
  eden space 113152K, 100% used [0x00000000db000000,0x00000000e1e80000,0x00000000e1e80000)
  from space 13824K, 99% used [0x00000000e1e80000,0x00000000e2bfc030,0x00000000e2c00000)
  to   space 19456K, 0% used [0x00000000ea000000,0x00000000ea000000,0x00000000eb300000)
 ParOldGen       total 76800K, used 21768K [0x0000000091000000, 0x0000000095b00000, 0x00000000db000000)
  object space 76800K, 28% used [0x0000000091000000,0x0000000092542360,0x0000000095b00000)
 Metaspace       used 17587K, capacity 18016K, committed 18304K, reserved 1064960K
  class space    used 1998K, capacity 2094K, committed 2176K, reserved 1048576K
Event: 14.942 GC heap after
Heap after GC invocations=8 (full 0):
 PSYoungGen      total 241152K, used 19456K [0x00000000db000000, 0x00000000ebc00000, 0x0000000100000000)
  eden space 221696K, 0% used [0x00000000db000000,0x00000000db000000,0x00000000e8880000)
  from space 19456K, 100% used [0x00000000ea000000,0x00000000eb300000,0x00000000eb300000)
  to   space 24064K, 0% used [0x00000000e8880000,0x00000000e8880000,0x00000000ea000000)
 ParOldGen       total 76800K, used 24765K [0x0000000091000000, 0x0000000095b00000, 0x00000000db000000)
  object space 76800K, 32% used [0x0000000091000000,0x000000009282f630,0x0000000095b00000)
 Metaspace       used 17587K, capacity 18016K, committed 18304K, reserved 1064960K
  class space    used 1998K, capacity 2094K, committed 2176K, reserved 1048576K
}
Event: 16.422 GC heap before
{Heap before GC invocations=9 (full 0):
 PSYoungGen      total 241152K, used 68058K [0x00000000db000000, 0x00000000ebc00000, 0x0000000100000000)
  eden space 221696K, 21% used [0x00000000db000000,0x00000000ddf76a98,0x00000000e8880000)
  from space 19456K, 100% used [0x00000000ea000000,0x00000000eb300000,0x00000000eb300000)
  to   space 24064K, 0% used [0x00000000e8880000,0x00000000e8880000,0x00000000ea000000)
 ParOldGen       total 76800K, used 24765K [0x0000000091000000, 0x0000000095b00000, 0x00000000db000000)
  object space 76800K, 32% used [0x0000000091000000,0x000000009282f630,0x0000000095b00000)
 Metaspace       used 20732K, capacity 21220K, committed 21296K, reserved 1069056K
  class space    used 2433K, capacity 2590K, committed 2608K, reserved 1048576K
Event: 16.543 GC heap after
Heap after GC invocations=9 (full 0):
 PSYoungGen      total 245760K, used 17378K [0x00000000db000000, 0x00000000f3b80000, 0x0000000100000000)
  eden space 221696K, 0% used [0x00000000db000000,0x00000000db000000,0x00000000e8880000)
  from space 24064K, 72% used [0x00000000e8880000,0x00000000e9978ac0,0x00000000ea000000)
  to   space 25088K, 0% used [0x00000000f2300000,0x00000000f2300000,0x00000000f3b80000)
 ParOldGen       total 76800K, used 29629K [0x0000000091000000, 0x0000000095b00000, 0x00000000db000000)
  object space 76800K, 38% used [0x0000000091000000,0x0000000092cef6e8,0x0000000095b00000)
 Metaspace       used 20732K, capacity 21220K, committed 21296K, reserved 1069056K
  class space    used 2433K, capacity 2590K, committed 2608K, reserved 1048576K
}
Event: 16.543 GC heap before
{Heap before GC invocations=10 (full 1):
 PSYoungGen      total 245760K, used 17378K [0x00000000db000000, 0x00000000f3b80000, 0x0000000100000000)
  eden space 221696K, 0% used [0x00000000db000000,0x00000000db000000,0x00000000e8880000)
  from space 24064K, 72% used [0x00000000e8880000,0x00000000e9978ac0,0x00000000ea000000)
  to   space 25088K, 0% used [0x00000000f2300000,0x00000000f2300000,0x00000000f3b80000)
 ParOldGen       total 76800K, used 29629K [0x0000000091000000, 0x0000000095b00000, 0x00000000db000000)
  object space 76800K, 38% used [0x0000000091000000,0x0000000092cef6e8,0x0000000095b00000)
 Metaspace       used 20732K, capacity 21220K, committed 21296K, reserved 1069056K
  class space    used 2433K, capacity 2590K, committed 2608K, reserved 1048576K
Event: 16.778 GC heap after
Heap after GC invocations=10 (full 1):
 PSYoungGen      total 245760K, used 0K [0x00000000db000000, 0x00000000f3b80000, 0x0000000100000000)
  eden space 221696K, 0% used [0x00000000db000000,0x00000000db000000,0x00000000e8880000)
  from space 24064K, 0% used [0x00000000e8880000,0x00000000e8880000,0x00000000ea000000)
  to   space 25088K, 0% used [0x00000000f2300000,0x00000000f2300000,0x00000000f3b80000)
 ParOldGen       total 85504K, used 39754K [0x0000000091000000, 0x0000000096380000, 0x00000000db000000)
  object space 85504K, 46% used [0x0000000091000000,0x00000000936d2a08,0x0000000096380000)
 Metaspace       used 20732K, capacity 21220K, committed 21296K, reserved 1069056K
  class space    used 2433K, capacity 2590K, committed 2608K, reserved 1048576K
}

Deoptimization events (10 events):
Event: 20.168 Thread 0x00000000033e2800 Uncommon trap: reason=bimorphic action=maybe_recompile pc=0x00000000039a2f64 method=java.lang.ClassLoader.loadClass(Ljava/lang/String;Z)Ljava/lang/Class; @ 38
Event: 20.408 Thread 0x00000000033e2800 Uncommon trap: reason=unstable_if action=reinterpret pc=0x00000000044db980 method=java.util.ArrayList.toArray([Ljava/lang/Object;)[Ljava/lang/Object; @ 48
Event: 21.289 Thread 0x00000000033e2800 Uncommon trap: reason=unstable_if action=reinterpret pc=0x00000000048213fc method=java.util.zip.ZipInputStream.readLOC()Ljava/util/zip/ZipEntry; @ 29
Event: 21.329 Thread 0x00000000033e2800 Uncommon trap: reason=unstable_if action=reinterpret pc=0x000000000481a8e0 method=java.util.zip.ZipInputStream.readLOC()Ljava/util/zip/ZipEntry; @ 264
Event: 22.682 Thread 0x00000000033e2800 Uncommon trap: reason=unstable_if action=reinterpret pc=0x0000000003bbeea0 method=java.util.HashMap.hash(Ljava/lang/Object;)I @ 1
Event: 22.695 Thread 0x00000000033e2800 Uncommon trap: reason=unstable_if action=reinterpret pc=0x0000000003b90fa4 method=java.util.HashMap.hash(Ljava/lang/Object;)I @ 1
Event: 22.877 Thread 0x00000000033e2800 Uncommon trap: reason=bimorphic action=maybe_recompile pc=0x0000000003b17684 method=java.util.regex.Pattern$5.isSatisfiedBy(I)Z @ 5
Event: 22.877 Thread 0x00000000033e2800 Uncommon trap: reason=bimorphic action=maybe_recompile pc=0x0000000003b17670 method=java.util.regex.Pattern$5.isSatisfiedBy(I)Z @ 5
Event: 22.877 Thread 0x00000000033e2800 Uncommon trap: reason=bimorphic action=maybe_recompile pc=0x0000000003b17670 method=java.util.regex.Pattern$5.isSatisfiedBy(I)Z @ 5
Event: 22.877 Thread 0x00000000033e2800 Uncommon trap: reason=bimorphic action=maybe_recompile pc=0x0000000003b17670 method=java.util.regex.Pattern$5.isSatisfiedBy(I)Z @ 5

Classes redefined (0 events):
No events

Internal exceptions (10 events):
Event: 17.389 Thread 0x00000000033e2800 Exception <a 'java/security/PrivilegedActionException'> (0x00000000dc717648) thrown at [C:\re\workspace\8-2-build-windows-amd64-cygwin\jdk8u162\10278\hotspot\src\share\vm\prims\jvm.cpp, line 1390]
Event: 18.410 Thread 0x00000000033e2800 Exception <a 'java/io/FileNotFoundException'> (0x00000000ddbac588) thrown at [C:\re\workspace\8-2-build-windows-amd64-cygwin\jdk8u162\10278\hotspot\src\share\vm\prims\jni.cpp, line 709]
Event: 18.419 Thread 0x00000000033e2800 Exception <a 'java/io/FileNotFoundException'> (0x00000000ddbe11a8) thrown at [C:\re\workspace\8-2-build-windows-amd64-cygwin\jdk8u162\10278\hotspot\src\share\vm\prims\jni.cpp, line 709]
Event: 18.730 Thread 0x00000000033e2800 Exception <a 'java/io/FileNotFoundException'> (0x00000000de83ada0) thrown at [C:\re\workspace\8-2-build-windows-amd64-cygwin\jdk8u162\10278\hotspot\src\share\vm\prims\jni.cpp, line 709]
Event: 18.734 Thread 0x00000000033e2800 Exception <a 'java/io/FileNotFoundException'> (0x00000000de871bb0) thrown at [C:\re\workspace\8-2-build-windows-amd64-cygwin\jdk8u162\10278\hotspot\src\share\vm\prims\jni.cpp, line 709]
Event: 20.408 Thread 0x00000000033e2800 Exception <a 'java/lang/NoSuchFieldError': method resolution failed> (0x00000000e1f7aaf8) thrown at [C:\re\workspace\8-2-build-windows-amd64-cygwin\jdk8u162\10278\hotspot\src\share\vm\prims\methodHandles.cpp, line 1167]
Event: 20.413 Thread 0x00000000033e2800 Exception <a 'java/lang/NoSuchFieldError': method resolution failed> (0x00000000e1f88a58) thrown at [C:\re\workspace\8-2-build-windows-amd64-cygwin\jdk8u162\10278\hotspot\src\share\vm\prims\methodHandles.cpp, line 1167]
Event: 20.504 Thread 0x00000000033e2800 Exception <a 'java/io/FileNotFoundException'> (0x00000000e20a2778) thrown at [C:\re\workspace\8-2-build-windows-amd64-cygwin\jdk8u162\10278\hotspot\src\share\vm\prims\jni.cpp, line 709]
Event: 22.682 Thread 0x00000000033e2800 Implicit null exception at 0x0000000003bbea71 to 0x0000000003bbee89
Event: 22.695 Thread 0x00000000033e2800 Implicit null exception at 0x0000000003b90d95 to 0x0000000003b90f95

Events (10 events):
Event: 23.038 loading class java/util/IdentityHashMap$EntryIterator$Entry
Event: 23.038 loading class java/util/IdentityHashMap$EntryIterator$Entry done
Event: 23.103 loading class java/lang/Class$EnclosingMethodInfo
Event: 23.104 loading class java/lang/Class$EnclosingMethodInfo done
Event: 24.088 loading class com/sun/source/tree/LambdaExpressionTree$BodyKind
Event: 24.088 loading class com/sun/source/tree/LambdaExpressionTree$BodyKind done
Event: 24.375 loading class com/sun/tools/javac/tree/JCTree$JCMemberReference$ReferenceKind
Event: 24.375 loading class com/sun/tools/javac/tree/JCTree$JCMemberReference$ReferenceKind done
Event: 24.376 loading class com/sun/tools/javac/tree/JCTree$JCMemberReference$OverloadKind
Event: 24.376 loading class com/sun/tools/javac/tree/JCTree$JCMemberReference$OverloadKind done


Dynamic libraries:
0x00007ff76d930000 - 0x00007ff76d967000 	D:\Java1.8\bin\java.exe
0x00007fff76240000 - 0x00007fff76430000 	C:\WINDOWS\SYSTEM32\ntdll.dll
0x00007fff751b0000 - 0x00007fff75262000 	C:\WINDOWS\System32\KERNEL32.DLL
0x00007fff73d20000 - 0x00007fff73fc5000 	C:\WINDOWS\System32\KERNELBASE.dll
0x00007fff742f0000 - 0x00007fff74393000 	C:\WINDOWS\System32\ADVAPI32.dll
0x00007fff75e40000 - 0x00007fff75ede000 	C:\WINDOWS\System32\msvcrt.dll
0x00007fff75280000 - 0x00007fff75317000 	C:\WINDOWS\System32\sechost.dll
0x00007fff754c0000 - 0x00007fff755e0000 	C:\WINDOWS\System32\RPCRT4.dll
0x00007fff75320000 - 0x00007fff754b4000 	C:\WINDOWS\System32\USER32.dll
0x00007fff73af0000 - 0x00007fff73b11000 	C:\WINDOWS\System32\win32u.dll
0x00007fff761d0000 - 0x00007fff761f6000 	C:\WINDOWS\System32\GDI32.dll
0x00007fff73950000 - 0x00007fff73ae6000 	C:\WINDOWS\System32\gdi32full.dll
0x00007fff741a0000 - 0x00007fff7423e000 	C:\WINDOWS\System32\msvcp_win.dll
0x00007fff740a0000 - 0x00007fff7419a000 	C:\WINDOWS\System32\ucrtbase.dll
0x00007fff64960000 - 0x00007fff64be4000 	C:\WINDOWS\WinSxS\amd64_microsoft.windows.common-controls_6595b64144ccf1df_6.0.18362.1139_none_9e7bf2d3e4605ac6\COMCTL32.dll
0x00007fff74e70000 - 0x00007fff751a5000 	C:\WINDOWS\System32\combase.dll
0x00007fff74240000 - 0x00007fff742c0000 	C:\WINDOWS\System32\bcryptPrimitives.dll
0x00007fff76130000 - 0x00007fff7615e000 	C:\WINDOWS\System32\IMM32.DLL
0x000000006d120000 - 0x000000006d1f1000 	D:\Java1.8\jre\bin\msvcr100.dll
0x000000006c880000 - 0x000000006d120000 	D:\Java1.8\jre\bin\server\jvm.dll
0x00007fff756c0000 - 0x00007fff756c8000 	C:\WINDOWS\System32\PSAPI.DLL
0x00007fff70be0000 - 0x00007fff70c04000 	C:\WINDOWS\SYSTEM32\WINMM.dll
0x00007fff6b770000 - 0x00007fff6b77a000 	C:\WINDOWS\SYSTEM32\VERSION.dll
0x00007fff5f060000 - 0x00007fff5f069000 	C:\WINDOWS\SYSTEM32\WSOCK32.dll
0x00007fff76160000 - 0x00007fff761cf000 	C:\WINDOWS\System32\WS2_32.dll
0x00007fff70510000 - 0x00007fff7053d000 	C:\WINDOWS\SYSTEM32\winmmbase.dll
0x00007fff73b80000 - 0x00007fff73bca000 	C:\WINDOWS\System32\cfgmgr32.dll
0x000000006c870000 - 0x000000006c87f000 	D:\Java1.8\jre\bin\verify.dll
0x000000006c840000 - 0x000000006c869000 	D:\Java1.8\jre\bin\java.dll
0x000000006c7f0000 - 0x000000006c813000 	D:\Java1.8\jre\bin\instrument.dll
0x000000006c820000 - 0x000000006c836000 	D:\Java1.8\jre\bin\zip.dll
0x00007fff75750000 - 0x00007fff75e37000 	C:\WINDOWS\System32\SHELL32.dll
0x00007fff74500000 - 0x00007fff745a9000 	C:\WINDOWS\System32\shcore.dll
0x00007fff731d0000 - 0x00007fff73950000 	C:\WINDOWS\System32\windows.storage.dll
0x00007fff73130000 - 0x00007fff73153000 	C:\WINDOWS\System32\profapi.dll
0x00007fff73160000 - 0x00007fff731aa000 	C:\WINDOWS\System32\powrprof.dll
0x00007fff73100000 - 0x00007fff73110000 	C:\WINDOWS\System32\UMPDC.dll
0x00007fff75650000 - 0x00007fff756a2000 	C:\WINDOWS\System32\shlwapi.dll
0x00007fff731b0000 - 0x00007fff731c1000 	C:\WINDOWS\System32\kernel.appcore.dll
0x00007fff74080000 - 0x00007fff74097000 	C:\WINDOWS\System32\cryptsp.dll
0x00007fff67b90000 - 0x00007fff67baa000 	D:\IntelliJ IDEA 2018.3.1\bin\breakgen64.dll
0x000000006c7d0000 - 0x000000006c7ea000 	D:\Java1.8\jre\bin\net.dll
0x00007fff728a0000 - 0x00007fff72907000 	C:\WINDOWS\system32\mswsock.dll
0x00007fff72420000 - 0x00007fff72453000 	C:\WINDOWS\system32\rsaenh.dll
0x00007fff742c0000 - 0x00007fff742e6000 	C:\WINDOWS\System32\bcrypt.dll
0x00007fff73020000 - 0x00007fff73045000 	C:\WINDOWS\SYSTEM32\USERENV.dll
0x00007fff72a20000 - 0x00007fff72a2c000 	C:\WINDOWS\SYSTEM32\CRYPTBASE.dll
0x00007fff725c0000 - 0x00007fff725fa000 	C:\WINDOWS\SYSTEM32\IPHLPAPI.DLL
0x00007fff756b0000 - 0x00007fff756b8000 	C:\WINDOWS\System32\NSI.dll
0x00007fff719c0000 - 0x00007fff719d6000 	C:\WINDOWS\SYSTEM32\dhcpcsvc6.DLL
0x00007fff719a0000 - 0x00007fff719bc000 	C:\WINDOWS\SYSTEM32\dhcpcsvc.DLL
0x00007fff72600000 - 0x00007fff726cb000 	C:\WINDOWS\SYSTEM32\DNSAPI.dll
0x000000006c7b0000 - 0x000000006c7c1000 	D:\Java1.8\jre\bin\nio.dll
0x00007fff6dd40000 - 0x00007fff6dd4a000 	C:\Users\Administrator\AppData\Local\Temp\jansi-1.17.1-6723236064499901669.dll
0x00007fff6dd20000 - 0x00007fff6dd2a000 	C:\Users\Administrator\AppData\Local\Temp\jansi-1.17.1-5742355531051629381.dll

VM Arguments:
jvm_args: -Dmaven.multiModuleProjectDirectory=D:\workspace-ideal\efreight-cloud\efreight-prm -Dmaven.home=D:\apache-maven-3.6.0-bin\apache-maven-3.6.0 -Dclassworlds.conf=D:\apache-maven-3.6.0-bin\apache-maven-3.6.0\bin\m2.conf -javaagent:D:\IntelliJ IDEA 2018.3.1\lib\idea_rt.jar=23697:D:\IntelliJ IDEA 2018.3.1\bin -Dfile.encoding=UTF-8 
java_command: org.codehaus.classworlds.Launcher -Didea.version=2018.3.1 -s D:\apache-maven-3.6.0-bin\apache-maven-3.6.0\conf\settings.xml package
java_class_path (initial): D:\apache-maven-3.6.0-bin\apache-maven-3.6.0\boot\plexus-classworlds-2.5.2.jar;D:\IntelliJ IDEA 2018.3.1\lib\idea_rt.jar
Launcher Type: SUN_STANDARD

Environment Variables:
JAVA_HOME=D:\java1.8-32
PATH=C:\Program Files (x86)\Common Files\Oracle\Java\javapath;C:\Program Files (x86)\Common Files\NetSarang;C:\WINDOWS\system32;C:\WINDOWS;C:\WINDOWS\System32\Wbem;C:\WINDOWS\System32\WindowsPowerShell\v1.0\;D:\java1.8-32\bin;D:\mysql\bin;C:\Program Files\Microsoft\Web Platform Installer\;C:\Program Files (x86)\Microsoft ASP.NET\ASP.NET Web Pages\v1.0\;C:\Program Files\Microsoft SQL Server\110\Tools\Binn\;C:\WINDOWS\System32\OpenSSH\;E:\nodejs\;D:\TortoiseSVN\bin;D:\TortoiseGit\bin;D:\Git\cmd;D:\Python\Python39\Scripts\;D:\Python\Python39\;C:\Users\Administrator\AppData\Local\Microsoft\WindowsApps;C:\Users\Administrator\AppData\Local\atom\bin;C:\Users\Administrator\AppData\Local\Microsoft\WindowsApps;C:\Users\Administrator\AppData\Roaming\npm;;D:\JetBrains\PyCharm 2020.2.3\bin;
USERNAME=Administrator
OS=Windows_NT
PROCESSOR_IDENTIFIER=AMD64 Family 23 Model 17 Stepping 0, AuthenticAMD



---------------  S Y S T E M  ---------------

OS: Windows 10.0 , 64 bit Build 18362 (10.0.18362.1110)

CPU:total 8 (initial active 8) (8 cores per cpu, 1 threads per core) family 23 model 17 stepping 0, cmov, cx8, fxsr, mmx, sse, sse2, sse3, ssse3, sse4.1, sse4.2, popcnt, avx, avx2, aes, clmul, mmxext, 3dnowpref, lzcnt, sse4a, tsc, tscinvbit, tscinv, bmi1

Memory: 4k page, physical 7271960k(363232k free), swap 23950872k(14424k free)

vm_info: Java HotSpot(TM) 64-Bit Server VM (25.162-b12) for windows-amd64 JRE (1.8.0_162-b12), built on Dec 19 2017 20:00:03 by "java_re" with MS VC++ 10.0 (VS2010)

time: Thu Nov 05 15:40:00 2020
elapsed time: 24 seconds (0d 0h 0m 24s)

